  Node.cpp
  Main.cpp
d:\program files\c++\archiver\archiver\main.cpp(15): warning C4129: K: неизвестная escape-последовательность
  HuffmanEncoder.cpp
d:\program files\c++\archiver\archiver\huffmanencoder.cpp(30): warning C4244: инициализация: преобразование "std::streamoff" в "int", возможна потеря данных
d:\program files\c++\archiver\archiver\huffmanencoder.cpp(47): warning C4244: инициализация: преобразование "std::streamoff" в "int", возможна потеря данных
d:\program files\c++\archiver\archiver\huffmanencoder.cpp(62): warning C4267: инициализация: преобразование из "size_t" в "int"; возможна потеря данных
d:\program files\c++\archiver\archiver\huffmanencoder.cpp(115): warning C4267: инициализация: преобразование из "size_t" в "int"; возможна потеря данных
d:\program files\c++\archiver\archiver\huffmanencoder.cpp(133): warning C4267: инициализация: преобразование из "size_t" в "int"; возможна потеря данных
d:\program files\c++\archiver\archiver\huffmanencoder.cpp(179): warning C4244: =: преобразование "unsigned __int64" в "double", возможна потеря данных
d:\program files\c++\archiver\archiver\huffmanencoder.cpp(188): warning C4244: =: преобразование "unsigned __int64" в "double", возможна потеря данных
d:\program files\c++\archiver\archiver\huffmanencoder.cpp(203): warning C4244: =: преобразование "std::streamoff" в "int", возможна потеря данных
d:\program files\c++\archiver\archiver\huffmanencoder.cpp(213): warning C4267: инициализация: преобразование из "size_t" в "int"; возможна потеря данных
d:\program files\c++\archiver\archiver\huffmanencoder.cpp(226): warning C4267: инициализация: преобразование из "size_t" в "int"; возможна потеря данных
  HuffmanDecoder.cpp
d:\program files\c++\archiver\archiver\huffmandecoder.cpp(85): warning C4244: инициализация: преобразование "std::streamoff" в "int", возможна потеря данных
d:\program files\c++\archiver\archiver\huffmandecoder.cpp(102): warning C4267: инициализация: преобразование из "size_t" в "int"; возможна потеря данных
d:\program files\c++\archiver\archiver\huffmandecoder.cpp(116): warning C4267: инициализация: преобразование из "size_t" в "int"; возможна потеря данных
  HuffmanAlgorithm.cpp
d:\program files\c++\archiver\archiver\huffmanalgorithm.cpp(112): warning C4267: инициализация: преобразование из "size_t" в "int"; возможна потеря данных
  FileSystemNode.cpp
d:\program files\c++\archiver\archiver\filesystemnode.cpp(55): warning C4267: инициализация: преобразование из "size_t" в "int"; возможна потеря данных
d:\program files\c++\archiver\archiver\filesystemnode.cpp(58): warning C4267: инициализация: преобразование из "size_t" в "int"; возможна потеря данных
  Создание кода...
d:\program files\c++\archiver\archiver\huffmanalgorithm.cpp(73): warning C4172: возвращение адреса локальной или временной переменной : found_node
  Archiver.vcxproj -> D:\Program Files\C++\Archiver\x64\Debug\Archiver.exe
